{
  "RSpec": {
    "coverage": {
      "/Users/brian/conwayruby/spec/shared/cell_shared_spec.rb": [
        1,
        null,
        1,
        1,
        1,
        1,
        1,
        1,
        1,
        null,
        null,
        1,
        1,
        1,
        1,
        1,
        null,
        null,
        null,
        1,
        1,
        12,
        3,
        9,
        27,
        null,
        null,
        3,
        3,
        3,
        3,
        3,
        null,
        null,
        1,
        1,
        1,
        null,
        null,
        1,
        1,
        1,
        1,
        null,
        null,
        1,
        4,
        1,
        3,
        9,
        null,
        null,
        1,
        1,
        null,
        null,
        null
      ],
      "/Users/brian/conwayruby/lib/shared/cell_shared.rb": [
        1,
        null,
        null,
        null,
        null,
        null,
        null,
        null,
        null,
        null,
        1,
        1,
        1,
        55,
        55,
        55,
        null,
        null,
        1,
        6,
        6,
        6,
        null,
        3,
        null,
        null,
        1,
        2,
        null,
        null,
        1,
        null,
        1,
        6,
        6,
        48,
        48,
        48,
        27,
        27,
        null,
        null,
        6,
        null,
        null
      ]
    },
    "timestamp": 1548143198
  }
}
