{
  "RSpec": {
    "coverage": {
      "/Users/brian/conwayruby/spec/cell_spec.rb": [
        1,
        null,
        1,
        1,
        1,
        1,
        1,
        1,
        1,
        null,
        null,
        1,
        4,
        1,
        3,
        9,
        null,
        null,
        1,
        1,
        1,
        1,
        1,
        1,
        null,
        null,
        1,
        1,
        1,
        1,
        1,
        null,
        null,
        null,
        1,
        1,
        12,
        3,
        9,
        27,
        null,
        null,
        3,
        3,
        3,
        3,
        3,
        3,
        9,
        27,
        null,
        null,
        3,
        9,
        null,
        null,
        null,
        1,
        1,
        1,
        null,
        null,
        1,
        1,
        1,
        1,
        null,
        null,
        1,
        4,
        1,
        3,
        9,
        null,
        null,
        1,
        1,
        1,
        1,
        null,
        null,
        null
      ],
      "/Users/brian/conwayruby/lib/cell.rb": [
        1,
        null,
        null,
        null,
        null,
        null,
        null,
        null,
        null,
        null,
        1,
        1,
        1,
        75,
        75,
        75,
        null,
        null,
        1,
        37,
        37,
        null,
        null,
        1,
        39,
        null,
        null,
        1,
        2,
        null,
        null,
        1,
        null,
        1,
        39,
        39,
        312,
        312,
        312,
        176,
        176,
        null,
        null,
        39,
        null,
        null
      ],
      "/Users/brian/conwayruby/spec/world_spec.rb": [
        1,
        null,
        1,
        1,
        1,
        11,
        1,
        1,
        1,
        10,
        null,
        null,
        null,
        1,
        1,
        4,
        1,
        1,
        1,
        null,
        null,
        1,
        1,
        null,
        null,
        null
      ],
      "/Users/brian/conwayruby/lib/world.rb": [
        1,
        null,
        null,
        1,
        1,
        null,
        1,
        2,
        2,
        2,
        null,
        null,
        1,
        1,
        3,
        9,
        null,
        null,
        null,
        null,
        1,
        1,
        3,
        9,
        null,
        null,
        1,
        3,
        null,
        1,
        null,
        null,
        1,
        0,
        0,
        0,
        null,
        0,
        null,
        null
      ]
    },
    "timestamp": 1547782755
  }
}
